SongDetail/app/build/intermediates/manifest_merge_blame_file/debug/manifest-merger-blame-debug-report.txt
1<?xml version="1.0" encoding="utf-8"?>
2<!--
3  ~ Copyright (C) 2017 Google Inc.
4  ~
5  ~ Licensed under the Apache License, Version 2.0 (the "License");
6  ~ you may not use this file except in compliance with the License.
7  ~ You may obtain a copy of the License at
8  ~
9  ~     http://www.apache.org/licenses/LICENSE-2.0
10  ~
11  ~ Unless required by applicable law or agreed to in writing, software
12  ~ distributed under the License is distributed on an "AS IS" BASIS,
13  ~ WITHOUT WARRANTIES OR CONDITIONS OF ANY KIND, either express or implied.
14  ~ See the License for the specific language governing permissions and
15  ~ limitations under the License.
16-->
17<manifest xmlns:android="http://schemas.android.com/apk/res/android"
18    package="com.example.android.songs"
19    android:versionCode="1"
20    android:versionName="1.0" >
21
22    <uses-sdk
23        android:minSdkVersion="16"
23-->src/main/AndroidManifest.xml
24        android:targetSdkVersion="26" />
24-->src/main/AndroidManifest.xml
25
26    <application
26-->src/main/AndroidManifest.xml:21:5-47:19
27        android:allowBackup="true"
27-->src/main/AndroidManifest.xml:22:9-35
28        android:appComponentFactory="android.support.v4.app.CoreComponentFactory"
28-->[com.android.support:support-compat:28.0.0] AndroidManifest.xml:22:18-91
29        android:debuggable="true"
30        android:icon="@mipmap/ic_launcher"
30-->src/main/AndroidManifest.xml:23:9-43
31        android:label="@string/app_name"
31-->src/main/AndroidManifest.xml:24:9-41
32        android:roundIcon="@mipmap/ic_launcher_round"
32-->src/main/AndroidManifest.xml:25:9-54
33        android:supportsRtl="true"
33-->src/main/AndroidManifest.xml:26:9-35
34        android:testOnly="true"
35        android:theme="@style/AppTheme" >
35-->src/main/AndroidManifest.xml:27:9-40
36        <activity
36-->src/main/AndroidManifest.xml:28:9-37:20
37            android:name="com.example.android.songdetail.MainActivity"
37-->src/main/AndroidManifest.xml:29:13-71
38            android:label="@string/app_name"
38-->src/main/AndroidManifest.xml:30:13-45
39            android:theme="@style/AppTheme.NoActionBar" >
39-->src/main/AndroidManifest.xml:31:13-56
40            <intent-filter>
40-->src/main/AndroidManifest.xml:32:13-36:29
41                <action android:name="android.intent.action.MAIN" />
41-->src/main/AndroidManifest.xml:33:17-69
41-->src/main/AndroidManifest.xml:33:25-66
42
43                <category android:name="android.intent.category.LAUNCHER" />
43-->src/main/AndroidManifest.xml:35:17-77
43-->src/main/AndroidManifest.xml:35:27-74
44            </intent-filter>
45        </activity>
46        <activity
46-->src/main/AndroidManifest.xml:38:9-46:20
47            android:name="com.example.android.songdetail.SongDetailActivity"
47-->src/main/AndroidManifest.xml:39:13-77
48            android:label="@string/title_song_detail"
48-->src/main/AndroidManifest.xml:40:13-54
49            android:parentActivityName="com.example.android.songdetail.MainActivity"
49-->src/main/AndroidManifest.xml:41:13-85
50            android:theme="@style/AppTheme.NoActionBar" >
50-->src/main/AndroidManifest.xml:42:13-56
51            <meta-data
51-->src/main/AndroidManifest.xml:43:13-45:79
52                android:name="android.support.PARENT_ACTIVITY"
52-->src/main/AndroidManifest.xml:44:17-63
53                android:value="com.example.android.songdetail.MainActivity" />
53-->src/main/AndroidManifest.xml:45:17-76
54        </activity>
55    </application>
56
57</manifest>